01:39:55.685 [main                     ] DEBUG Logger               - Configured Logger
01:39:55.759 [main                     ] DEBUG GameApplication      - Logging settings
Title: Basic Game App
Version: 0.1
Width: 600
Height: 600
Fullscreen: false
Intro: false
Profiling: false
Single step:false
App Mode: DEVELOPER
Menu Key: ESCAPE
Stage Style: DECORATED
Scene Factory: class com.almasb.fxgl.app.scene.SceneFactory

01:39:56.194 [JavaFX Application Thread] DEBUG FXGLApplication      - Initializing FXGL
01:39:56.203 [JavaFX Application Thread] INFO  Engine               - FXGL-17.3 (30.03.2023 11.54) on LINUX (J:17.0.5 FX:18.0.2)
01:39:56.204 [JavaFX Application Thread] DEBUG Engine               - JRE Vendor Name: GraalVM Community
01:39:56.205 [JavaFX Application Thread] DEBUG Engine               - Running on OS: Linux version 6.2.0-1017-gcp
01:39:56.205 [JavaFX Application Thread] DEBUG Engine               - Architecture: amd64
01:39:56.205 [JavaFX Application Thread] INFO  Engine               - Source code and latest versions at: https://github.com/AlmasB/FXGL
01:39:56.205 [JavaFX Application Thread] INFO  Engine               -       Ask questions and discuss at: https://github.com/AlmasB/FXGL/discussions
01:39:56.206 [JavaFX Application Thread] INFO  Engine               -              Join the FXGL chat at: https://gitter.im/AlmasB/FXGL
01:39:56.377 [JavaFX Application Thread] DEBUG PrimaryStageWindow   - Creating a JavaFX scene
01:39:56.377 [JavaFX Application Thread] DEBUG PrimaryStageWindow   - Target size > screen size
01:39:56.484 [JavaFX Application Thread] DEBUG PrimaryStageWindow   - Target settings size: 600.0 x 600.0
01:39:56.485 [JavaFX Application Thread] DEBUG PrimaryStageWindow   - Scaled scene size:    216.0 x 241.0
01:39:56.485 [JavaFX Application Thread] DEBUG PrimaryStageWindow   - Scaled ratio: (0.36, 0.40166666666666667)
01:39:56.487 [JavaFX Application Thread] DEBUG PrimaryStageWindow   - Set initial scene to FXGLStartupScene
01:39:56.503 [JavaFX Application Thread] DEBUG PrimaryStageWindow   - Opening main window
01:39:56.608 [JavaFX Application Thread] DEBUG PrimaryStageWindow   - Window border size: (0.9007110595703125, 21.879669189453125)
01:39:56.608 [JavaFX Application Thread] DEBUG PrimaryStageWindow   - Scaled size: 216.0 x 241.0
01:39:56.609 [JavaFX Application Thread] DEBUG PrimaryStageWindow   - Scaled ratio: (0.36, 0.40166666666666667)
01:39:56.609 [JavaFX Application Thread] DEBUG PrimaryStageWindow   - Scene size: 216.0 x 241.0
01:39:56.610 [JavaFX Application Thread] DEBUG PrimaryStageWindow   - Stage size: 216.9007110595703 x 262.8796691894531
01:39:56.621 [FXGL Background Thread 1 ] DEBUG Engine               - Initializing environment variables
01:39:56.670 [FXGL Background Thread 1 ] DEBUG FXGLAssetLoaderServi - User app class for loading assets: class Main
01:39:56.670 [FXGL Background Thread 1 ] DEBUG GameApplicationServi - Applying CSS: fxgl_dark.css
01:39:56.673 [FXGL Background Thread 1 ] DEBUG FXGLAssetLoaderServi - Loading from file system: jar:file:/home/runner/Final-Project/fxgl-17.3-uber.jar!/fxglassets/ui/css/fxgl_dark.css
01:39:56.781 [FXGL Background Thread 1 ] DEBUG GameApplicationServi - Initializing application scenes
01:39:56.856 [FXGL Background Thread 1 ] DEBUG GameWorld            - Game world initialized
01:39:56.980 [FXGL Background Thread 1 ] DEBUG PhysicsWorld         - Physics world initialized: appHeight=600, physics.ppm=50.0
01:39:56.981 [FXGL Background Thread 1 ] DEBUG PhysicsWorld         - Using strategy: BRUTE_FORCE
01:39:56.990 [FXGL Background Thread 1 ] DEBUG GameScene            - Game scene initialized: 600x600
01:39:57.034 [FXGL Background Thread 1 ] WARN  FXGL.DefaultMenu     - FXGLDefaultMenu is not designed for resolutions < 800x600
01:39:57.034 [FXGL Background Thread 1 ] DEBUG FXGL.DefaultMenu     - createMenuBodyGameMenu()
01:39:57.055 [FXGL Background Thread 1 ] DEBUG FXGL.DefaultMenu     - createOptionsMenu()
01:39:57.073 [FXGL Background Thread 1 ] DEBUG FXGLAssetLoaderServi - Loading from file system: jar:file:/home/runner/Final-Project/fxgl-17.3-uber.jar!/fxglassets/textures/particles/smoke.png
01:39:57.254 [FXGL Background Thread 1 ] DEBUG FXGLAssetLoaderServi - Loading from file system: jar:file:/home/runner/Final-Project/fxgl-17.3-uber.jar!/fxglassets/textures/particles/trace_horizontal.png
01:39:57.291 [FXGL Background Thread 1 ] DEBUG GameApplicationServi - Application scenes initialized
01:39:57.311 [FXGL Background Thread 1 ] DEBUG SystemBundleService  - Loading default FXGL system data
01:39:57.312 [FXGL Background Thread 1 ] DEBUG UpdaterService       - Checking for updates
01:39:57.336 [FXGL Background Thread 4 ] DEBUG FXGLApplication      - Loading fonts
01:39:57.338 [FXGL Background Thread 1 ] DEBUG FXGLApplication      - Loading default localization
01:39:57.338 [FXGL Background Thread 4 ] DEBUG FXGLAssetLoaderServi - Loading from file system: jar:file:/home/runner/Final-Project/fxgl-17.3-uber.jar!/fxglassets/ui/fonts/VarelaRound-Regular.ttf
01:39:57.339 [FXGL Background Thread 1 ] DEBUG FXGLAssetLoaderServi - Loading from file system: jar:file:/home/runner/Final-Project/fxgl-17.3-uber.jar!/fxglassets/languages/english.lang
01:39:57.362 [FXGL Background Thread 1 ] INFO  FXGLApplication      - FXGL initialization took: 0.741 sec
01:39:57.371 [FXGL Background Thread 4 ] DEBUG FXGLAssetLoaderServi - Loading from file system: jar:file:/home/runner/Final-Project/fxgl-17.3-uber.jar!/fxglassets/ui/fonts/Abel-Regular.ttf
01:39:57.376 [FXGL Background Thread 4 ] DEBUG FXGLAssetLoaderServi - Loading from file system: jar:file:/home/runner/Final-Project/fxgl-17.3-uber.jar!/fxglassets/ui/fonts/TerminalLandMono-Regular.otf
01:39:57.381 [FXGL Background Thread 4 ] DEBUG FXGLAssetLoaderServi - Loading from file system: jar:file:/home/runner/Final-Project/fxgl-17.3-uber.jar!/fxglassets/ui/fonts/Courier-Prime.ttf
01:39:57.437 [JavaFX Application Thread] DEBUG Input                - Registered new binding: action0 - D
01:39:57.438 [JavaFX Application Thread] DEBUG Input                - Registered new binding: action1 - A
01:39:57.438 [JavaFX Application Thread] DEBUG Input                - Registered new binding: action2 - W
01:39:57.439 [JavaFX Application Thread] DEBUG Input                - Registered new binding: action3 - S
01:39:57.440 [JavaFX Application Thread] DEBUG FXGLAssetLoaderServi - Loading from file system: jar:file:/home/runner/Final-Project/fxgl-17.3-uber.jar!/fxglassets/textures/fxgl_icon.png
01:39:57.486 [JavaFX Application Thread] DEBUG FXGLAssetLoaderServi - Loading from file system: jar:file:/home/runner/Final-Project/fxgl-17.3-uber.jar!/fxglassets/textures/fxgl_default_cursor.png
01:39:57.537 [JavaFX Application Thread] DEBUG Input                - Registered new binding: Screenshot - CTRL+8
01:39:57.538 [JavaFX Application Thread] DEBUG Input                - Registered new binding: System info dump - CTRL+9
01:39:57.539 [JavaFX Application Thread] DEBUG Input                - Registered new binding: Restart - CTRL+R
01:39:57.540 [JavaFX Application Thread] DEBUG Input                - Registered new binding: Toggle Debug Camera - CTRL+7
01:39:57.545 [JavaFX Application Thread] DEBUG LoopRunner           - Starting loop
01:39:57.546 [JavaFX Application Thread] DEBUG LoopRunner           - Initializing JavaFX AnimationTimerLoop
01:39:57.551 [JavaFX Application Thread] DEBUG GameApplicationServi - Starting new game
01:39:57.551 [JavaFX Application Thread] DEBUG Input                - Clearing active input actions
01:39:57.573 [JavaFX Application Thread] DEBUG GameApplicationServi - Removing overlay from FXGLStartupScene and adding to FXGLLoadingScene
01:39:57.574 [JavaFX Application Thread] DEBUG PrimaryStageWindow   - FXGLStartupScene -> FXGLLoadingScene
01:39:57.574 [JavaFX Application Thread] DEBUG GameApplicationServi - Clearing previous game
01:39:57.577 [JavaFX Application Thread] DEBUG GameScene            - Clearing game scene
01:39:57.577 [JavaFX Application Thread] DEBUG GameWorld            - Clearing game world
01:39:57.578 [JavaFX Application Thread] DEBUG PhysicsWorld         - Clearing physics world
01:39:57.580 [FXGL Background Thread 4 ] DEBUG FXGLApplication      - Initializing game
01:39:57.580 [JavaFX Application Thread] DEBUG FXGLApplication      - Registering font factories with UI factory
01:39:57.589 [FXGL Background Thread 4 ] INFO  FXGLApplication      - Game initialization took: 0.008 sec
01:39:57.755 [JavaFX Application Thread] DEBUG Input                - Clearing active input actions
01:39:57.764 [JavaFX Application Thread] DEBUG GameApplicationServi - Removing overlay from FXGLLoadingScene and adding to GameScene
01:39:57.765 [JavaFX Application Thread] DEBUG PrimaryStageWindow   - FXGLLoadingScene -> GameScene
01:40:00.334 [FXGL Background Thread 3 ] DEBUG Engine               - Logging environment variables
01:40:00.335 [FXGL Background Thread 3 ] DEBUG Engine               - achievements: []
01:40:00.335 [FXGL Background Thread 3 ] DEBUG Engine               - actualHeight: 241.0
01:40:00.336 [FXGL Background Thread 3 ] DEBUG Engine               - actualHeightProperty: ReadOnlyDoubleProperty [value: 241.0]
01:40:00.336 [FXGL Background Thread 3 ] DEBUG Engine               - actualWidth: 216.0
01:40:00.336 [FXGL Background Thread 3 ] DEBUG Engine               - actualWidthProperty: ReadOnlyDoubleProperty [value: 216.0]
01:40:00.336 [FXGL Background Thread 3 ] DEBUG Engine               - appIcon: fxgl_icon.png
01:40:00.336 [FXGL Background Thread 3 ] DEBUG Engine               - applicationMode: DEVELOPER
01:40:00.337 [FXGL Background Thread 3 ] DEBUG Engine               - cSSList: [fxgl_dark.css]
01:40:00.337 [FXGL Background Thread 3 ] DEBUG Engine               - collisionDetectionStrategy: BRUTE_FORCE
01:40:00.337 [FXGL Background Thread 3 ] DEBUG Engine               - configClass: Optional.empty
01:40:00.337 [FXGL Background Thread 3 ] DEBUG Engine               - credits: []
01:40:00.338 [FXGL Background Thread 3 ] DEBUG Engine               - defaultCursor: CursorInfo(imageName=fxgl_default_cursor.png, hotspotX=7.0, hotspotY=6.0)
01:40:00.338 [FXGL Background Thread 3 ] DEBUG Engine               - devBBoxColorProperty: ObjectProperty [value: 0xff0000ff]
01:40:00.338 [FXGL Background Thread 3 ] DEBUG Engine               - devEnableDebugCameraProperty: BooleanProperty [value: false]
01:40:00.339 [FXGL Background Thread 3 ] DEBUG Engine               - devSensorColorProperty: ObjectProperty [value: 0xffff00ff]
01:40:00.339 [FXGL Background Thread 3 ] DEBUG Engine               - devShowBBoxProperty: BooleanProperty [value: false]
01:40:00.339 [FXGL Background Thread 3 ] DEBUG Engine               - devShowPositionProperty: BooleanProperty [value: false]
01:40:00.339 [FXGL Background Thread 3 ] DEBUG Engine               - enabledMenuItems: []
01:40:00.339 [FXGL Background Thread 3 ] DEBUG Engine               - engineServices: [class com.almasb.fxgl.app.services.FXGLAssetLoaderService, class com.almasb.fxgl.app.FXGLApplication$GameApplicationService, class com.almasb.fxgl.app.services.FXGLDialogService, class com.almasb.fxgl.app.services.IOTaskExecutorService, class com.almasb.fxgl.io.FileSystemService, class com.almasb.fxgl.localization.LocalizationService, class com.almasb.fxgl.app.services.SystemBundleService, class com.almasb.fxgl.profile.SaveLoadService, class com.almasb.fxgl.ui.FXGLUIFactoryServiceProvider, class com.almasb.fxgl.ui.FXGLDialogFactoryServiceProvider, class com.almasb.fxgl.audio.AudioPlayer, class com.almasb.fxgl.notification.impl.NotificationServiceProvider, class com.almasb.fxgl.achievement.AchievementService, class com.almasb.fxgl.cutscene.CutsceneService, class com.almasb.fxgl.minigames.MiniGameService, class com.almasb.fxgl.net.NetService, class com.almasb.fxgl.app.services.UpdaterService, class com.almasb.fxgl.dev.DevService]
01:40:00.339 [FXGL Background Thread 3 ] DEBUG Engine               - fontGame: Abel-Regular.ttf
01:40:00.339 [FXGL Background Thread 3 ] DEBUG Engine               - fontMono: TerminalLandMono-Regular.otf
01:40:00.339 [FXGL Background Thread 3 ] DEBUG Engine               - fontSizeScaleUI: 1.0
01:40:00.339 [FXGL Background Thread 3 ] DEBUG Engine               - fontText: Courier-Prime.ttf
01:40:00.339 [FXGL Background Thread 3 ] DEBUG Engine               - fontUI: VarelaRound-Regular.ttf
01:40:00.339 [FXGL Background Thread 3 ] DEBUG Engine               - fullScreen: BooleanProperty [value: false]
01:40:00.340 [FXGL Background Thread 3 ] DEBUG Engine               - gameDifficulty: MEDIUM
01:40:00.340 [FXGL Background Thread 3 ] DEBUG Engine               - gameDifficultyProperty: ObjectProperty [value: MEDIUM]
01:40:00.340 [FXGL Background Thread 3 ] DEBUG Engine               - globalMusicVolume: 0.5
01:40:00.340 [FXGL Background Thread 3 ] DEBUG Engine               - globalMusicVolumeProperty: DoubleProperty [value: 0.5]
01:40:00.340 [FXGL Background Thread 3 ] DEBUG Engine               - globalSoundVolume: 0.5
01:40:00.341 [FXGL Background Thread 3 ] DEBUG Engine               - globalSoundVolumeProperty: DoubleProperty [value: 0.5]
01:40:00.341 [FXGL Background Thread 3 ] DEBUG Engine               - height: 600
01:40:00.341 [FXGL Background Thread 3 ] DEBUG Engine               - is3D: false
01:40:00.341 [FXGL Background Thread 3 ] DEBUG Engine               - isAndroid: false
01:40:00.341 [FXGL Background Thread 3 ] DEBUG Engine               - isBrowser: false
01:40:00.341 [FXGL Background Thread 3 ] DEBUG Engine               - isClickFeedbackEnabled: false
01:40:00.341 [FXGL Background Thread 3 ] DEBUG Engine               - isCloseConfirmation: false
01:40:00.341 [FXGL Background Thread 3 ] DEBUG Engine               - isDesktop: true
01:40:00.341 [FXGL Background Thread 3 ] DEBUG Engine               - isDeveloperMenuEnabled: false
01:40:00.341 [FXGL Background Thread 3 ] DEBUG Engine               - isEmbedded: false
01:40:00.341 [FXGL Background Thread 3 ] DEBUG Engine               - isEntityPreloadEnabled: true
01:40:00.341 [FXGL Background Thread 3 ] DEBUG Engine               - isExperimentalTiledLargeMap: false
01:40:00.342 [FXGL Background Thread 3 ] DEBUG Engine               - isFileSystemWriteAllowed: true
01:40:00.342 [FXGL Background Thread 3 ] DEBUG Engine               - isFullScreenAllowed: false
01:40:00.342 [FXGL Background Thread 3 ] DEBUG Engine               - isFullScreenFromStart: false
01:40:00.342 [FXGL Background Thread 3 ] DEBUG Engine               - isGameMenuEnabled: true
01:40:00.342 [FXGL Background Thread 3 ] DEBUG Engine               - isIOS: false
01:40:00.342 [FXGL Background Thread 3 ] DEBUG Engine               - isIntroEnabled: false
01:40:00.342 [FXGL Background Thread 3 ] DEBUG Engine               - isLinux: true
01:40:00.342 [FXGL Background Thread 3 ] DEBUG Engine               - isMac: false
01:40:00.342 [FXGL Background Thread 3 ] DEBUG Engine               - isMainMenuEnabled: false
01:40:00.342 [FXGL Background Thread 3 ] DEBUG Engine               - isManualResizeEnabled: false
01:40:00.342 [FXGL Background Thread 3 ] DEBUG Engine               - isMobile: false
01:40:00.342 [FXGL Background Thread 3 ] DEBUG Engine               - isNative: false
01:40:00.343 [FXGL Background Thread 3 ] DEBUG Engine               - isPauseMusicWhenMinimized: true
01:40:00.343 [FXGL Background Thread 3 ] DEBUG Engine               - isPreserveResizeRatio: false
01:40:00.343 [FXGL Background Thread 3 ] DEBUG Engine               - isProfilingEnabled: false
01:40:00.343 [FXGL Background Thread 3 ] DEBUG Engine               - isScaleAffectedOnResize: true
01:40:00.343 [FXGL Background Thread 3 ] DEBUG Engine               - isSingleStep: false
01:40:00.343 [FXGL Background Thread 3 ] DEBUG Engine               - isUserProfileEnabled: false
01:40:00.343 [FXGL Background Thread 3 ] DEBUG Engine               - isWindows: false
01:40:00.343 [FXGL Background Thread 3 ] DEBUG Engine               - language: ObjectProperty [value: ENGLISH]
01:40:00.343 [FXGL Background Thread 3 ] DEBUG Engine               - menuKey: ESCAPE
01:40:00.343 [FXGL Background Thread 3 ] DEBUG Engine               - mouseSensitivity: 0.2
01:40:00.343 [FXGL Background Thread 3 ] DEBUG Engine               - notificationViewClass: class com.almasb.fxgl.notification.view.XboxNotificationView
01:40:00.343 [FXGL Background Thread 3 ] DEBUG Engine               - pixelsPerMeter: 50.0
01:40:00.343 [FXGL Background Thread 3 ] DEBUG Engine               - platform: LINUX
01:40:00.344 [FXGL Background Thread 3 ] DEBUG Engine               - prefHeightProperty: ReadOnlyDoubleProperty [value: 600.0]
01:40:00.344 [FXGL Background Thread 3 ] DEBUG Engine               - prefWidthProperty: ReadOnlyDoubleProperty [value: 600.0]
01:40:00.344 [FXGL Background Thread 3 ] DEBUG Engine               - profileDir: profiles/
01:40:00.344 [FXGL Background Thread 3 ] DEBUG Engine               - profileName: StringProperty [value: DEFAULT]
01:40:00.344 [FXGL Background Thread 3 ] DEBUG Engine               - randomSeed: -1
01:40:00.344 [FXGL Background Thread 3 ] DEBUG Engine               - runtimeInfo: RuntimeInfo(platform=LINUX, version=17.3, build=30.03.2023 11.54)
01:40:00.345 [FXGL Background Thread 3 ] DEBUG Engine               - saveFileExt: sav
01:40:00.345 [FXGL Background Thread 3 ] DEBUG Engine               - scaledHeightProp$fxgl: DoubleProperty [bound, value: 241.0]
01:40:00.345 [FXGL Background Thread 3 ] DEBUG Engine               - scaledWidthProp$fxgl: DoubleProperty [bound, value: 216.0]
01:40:00.345 [FXGL Background Thread 3 ] DEBUG Engine               - sceneFactory: com.almasb.fxgl.app.scene.SceneFactory@629222e3
01:40:00.345 [FXGL Background Thread 3 ] DEBUG Engine               - secondsIn24h: 60
01:40:00.345 [FXGL Background Thread 3 ] DEBUG Engine               - soundMenuBack: menu/back.wav
01:40:00.345 [FXGL Background Thread 3 ] DEBUG Engine               - soundMenuPress: menu/press.wav
01:40:00.345 [FXGL Background Thread 3 ] DEBUG Engine               - soundMenuSelect: menu/select.wav
01:40:00.345 [FXGL Background Thread 3 ] DEBUG Engine               - soundNotification: core/notification.wav
01:40:00.345 [FXGL Background Thread 3 ] DEBUG Engine               - stageStyle: DECORATED
01:40:00.345 [FXGL Background Thread 3 ] DEBUG Engine               - supportedLanguages: [ENGLISH, FRENCH, GERMAN, HUNGARIAN, RUSSIAN]
01:40:00.345 [FXGL Background Thread 3 ] DEBUG Engine               - ticksPerSecond: -1
01:40:00.346 [FXGL Background Thread 3 ] DEBUG Engine               - title: Basic Game App
01:40:00.346 [FXGL Background Thread 3 ] DEBUG Engine               - urlGithub: https://github.com/AlmasB/FXGL
01:40:00.346 [FXGL Background Thread 3 ] DEBUG Engine               - urlLeaderboard: http://fxgl-top.herokuapp.com/
01:40:00.346 [FXGL Background Thread 3 ] DEBUG Engine               - urlPOM: https://raw.githubusercontent.com/AlmasB/FXGL/release/README.md
01:40:00.346 [FXGL Background Thread 3 ] DEBUG Engine               - userAppClass: class Main
01:40:00.346 [FXGL Background Thread 3 ] DEBUG Engine               - version: 0.1
01:40:00.346 [FXGL Background Thread 3 ] DEBUG Engine               - versionCheckDays: 7
01:40:00.346 [FXGL Background Thread 3 ] DEBUG Engine               - width: 600
01:40:00.346 [FXGL Background Thread 3 ] DEBUG Engine               - Logging services
01:40:00.346 [FXGL Background Thread 3 ] DEBUG Engine               - class com.almasb.fxgl.app.services.FXGLAssetLoaderService
01:40:00.346 [FXGL Background Thread 3 ] DEBUG Engine               - class com.almasb.fxgl.app.FXGLApplication$GameApplicationService
01:40:00.346 [FXGL Background Thread 3 ] DEBUG Engine               - class com.almasb.fxgl.app.services.FXGLDialogService
01:40:00.346 [FXGL Background Thread 3 ] DEBUG Engine               - class com.almasb.fxgl.app.services.IOTaskExecutorService
01:40:00.347 [FXGL Background Thread 3 ] DEBUG Engine               - class com.almasb.fxgl.io.FileSystemService
01:40:00.347 [FXGL Background Thread 3 ] DEBUG Engine               - class com.almasb.fxgl.localization.LocalizationService
01:40:00.347 [FXGL Background Thread 3 ] DEBUG Engine               - class com.almasb.fxgl.app.services.SystemBundleService
01:40:00.347 [FXGL Background Thread 3 ] DEBUG Engine               - class com.almasb.fxgl.profile.SaveLoadService
01:40:00.347 [FXGL Background Thread 3 ] DEBUG Engine               - class com.almasb.fxgl.ui.FXGLUIFactoryServiceProvider
01:40:00.347 [FXGL Background Thread 3 ] DEBUG Engine               - class com.almasb.fxgl.ui.FXGLDialogFactoryServiceProvider
01:40:00.347 [FXGL Background Thread 3 ] DEBUG Engine               - class com.almasb.fxgl.audio.AudioPlayer
01:40:00.347 [FXGL Background Thread 3 ] DEBUG Engine               - class com.almasb.fxgl.notification.impl.NotificationServiceProvider
01:40:00.347 [FXGL Background Thread 3 ] DEBUG Engine               - class com.almasb.fxgl.achievement.AchievementService
01:40:00.347 [FXGL Background Thread 3 ] DEBUG Engine               - class com.almasb.fxgl.cutscene.CutsceneService
01:40:00.347 [FXGL Background Thread 3 ] DEBUG Engine               - class com.almasb.fxgl.minigames.MiniGameService
01:40:00.347 [FXGL Background Thread 3 ] DEBUG Engine               - class com.almasb.fxgl.net.NetService
01:40:00.347 [FXGL Background Thread 3 ] DEBUG Engine               - class com.almasb.fxgl.app.services.UpdaterService
01:40:00.347 [FXGL Background Thread 3 ] DEBUG Engine               - class com.almasb.fxgl.dev.DevService
01:40:22.144 [JavaFX Application Thread] DEBUG FXGLApplication      - Exiting FXGL
01:40:22.145 [JavaFX Application Thread] DEBUG LoopRunner           - Stopping loop
01:40:22.145 [JavaFX Application Thread] DEBUG SystemBundleService  - Saving FXGL system data
01:40:22.179 [JavaFX Application Thread] DEBUG FileSystemAccess     - Writing to: /home/runner/Final-Project/system/fxgl.bundle
01:40:22.254 [JavaFX Application Thread] DEBUG Async                - Shutting down background threads
01:40:22.261 [JavaFX Application Thread] DEBUG PrimaryStageWindow   - Closing main window
01:40:22.285 [JavaFX Application Thread] DEBUG Logger               - Closing Logger